<?xml version="1.0" encoding="UTF-8"?>
<testng-results ignored="0" total="1" passed="1" failed="0" skipped="0">
  <reporter-output>
  </reporter-output>
  <suite started-at="2022-10-28T11:23:37 IST" name="Default suite" finished-at="2022-10-28T11:23:37 IST" duration-ms="238">
    <groups>
    </groups>
    <test started-at="2022-10-28T11:23:37 IST" name="Default test" finished-at="2022-10-28T11:23:37 IST" duration-ms="238">
      <class name="com.fit.selmor.AppTest">
        <test-method signature="hello()[pri:0, instance:com.fit.selmor.AppTest@6b5966e1]" started-at="2022-10-28T11:23:37 IST" name="hello" finished-at="2022-10-28T11:23:37 IST" duration-ms="77" status="PASS">
          <reporter-output>
          </reporter-output>
        </test-method> <!-- hello -->
      </class> <!-- com.fit.selmor.AppTest -->
    </test> <!-- Default test -->
  </suite> <!-- Default suite -->
</testng-results>
