<?xml version="1.0" encoding="UTF-8"?>
<testng-results ignored="0" total="1" passed="1" failed="0" skipped="0">
  <reporter-output>
  </reporter-output>
  <suite started-at="2022-10-18T11:29:07 IST" name="Default suite" finished-at="2022-10-18T11:29:23 IST" duration-ms="16523">
    <groups>
    </groups>
    <test started-at="2022-10-18T11:29:07 IST" name="Default test" finished-at="2022-10-18T11:29:23 IST" duration-ms="16523">
      <class name="com.fit.selmor.fb.testcases.FB_TC">
        <test-method signature="fb_login()[pri:0, instance:com.fit.selmor.fb.testcases.FB_TC@3232a28a]" started-at="2022-10-18T11:29:07 IST" name="fb_login" finished-at="2022-10-18T11:29:23 IST" duration-ms="16368" status="PASS">
          <reporter-output>
          </reporter-output>
        </test-method> <!-- fb_login -->
      </class> <!-- com.fit.selmor.fb.testcases.FB_TC -->
    </test> <!-- Default test -->
  </suite> <!-- Default suite -->
</testng-results>
